


materialPath: D:\Steam\steamapps\common\Team Fortress 2\tf\materials
Loading C:\Users\Jason\Documents\GitHub\LevelDesignFInalProject\mvm_snake.vmf
Patching WVT material: maps/mvm_snake/dev/dev_blendmeasure2_wvt_patch
fixing up env_cubemap materials on brush sides...
0...1...2...3...4...5...6...7...8...9...100...1...2...3...4...5...6...7...8...9...10Processing areas...done (0)
Building Faces...done (0)
FixTjuncs...
PruneNodes...
WriteBSP...
done (0)
writing C:\Users\Jason\Documents\GitHub\LevelDesignFInalProject\mvm_snake.prt...Building visibility clusters...
done (0)
*** Error: Skybox vtf files for skybox/sky_tf2_04 weren't compiled with the same size texture and/or same flags!
Can't load skybox file skybox/sky_tf2_04 to build the default cubemap!
*** Error: Skybox vtf files for skybox/sky_tf2_04 weren't compiled with the same size texture and/or same flags!
Can't load skybox file skybox/sky_tf2_04 to build the default cubemap!
Finding displacement neighbors...
Finding lightmap sample positions...
Displacement Alpha : 0...1...2...3...4...5...6...7...8...9...10
Building Physics collision data...
done (0) (2905 bytes)
Placing detail props : 0...1...2...3...4...5...6...7...8...9...10
Compacting texture/material tables...
Reduced 6 texinfos to 3
Reduced 2 texdatas to 1 (69 bytes to 47)
Writing C:\Users\Jason\Documents\GitHub\LevelDesignFInalProject\mvm_snake.bsp
Wrote ZIP buffer, estimated size 465, actual size 385
0 seconds elapsed



8 threads
reading c:\users\jason\documents\github\leveldesignfinalproject\mvm_snake.bsp
reading c:\users\jason\documents\github\leveldesignfinalproject\mvm_snake.prt
   6 portalclusters
   9 numportals
0...1...2...3...4...5...6...7...8...9...100...1...2...3...4...5...6...7...8...9...10Optimized: 0 visible clusters (0.00%)
Total clusters visible: 36
Average clusters visible: 6
Building PAS...
Average clusters audible: 6
visdatasize:64  compressed from 96
writing c:\users\jason\documents\github\leveldesignfinalproject\mvm_snake.bsp
0 seconds elapsed



[Reading texlights from 'lights.rad']
[56 texlights parsed from 'lights.rad']

Loading c:\users\jason\documents\github\leveldesignfinalproject\mvm_snake.bsp
23 faces
22648 square feet [3261436.75 square inches]
0 Displacements
0 Square Feet [0.00 Square Inches]
23 patches before subdivision
4625 patches after subdivision
0 direct lights
0...1...2...3...4...5...6...7...8...9...100...1...2...3...4...5...6...7...8...9...10transfers 496174, max 297
transfer lists:   3.8 megs
0...1...2...3...4...5...6...7...8...9...10	Bounce #1 added RGB(0, 0, 0)
Build Patch/Sample Hash Table(s).....Done<0.0004 sec>
0...1...2...3...4...5...6...7...8...9...10FinalLightFace Done
0 of 0 (0% of) surface lights went in leaf ambient cubes.
0...1...2...3...4...5...6...7...8...9...10Writing leaf ambient...done
Ready to Finish

Object names       Objects/Maxobjs  Memory / Maxmem  Fullness 
------------       ---------------  ---------------  -------- 
models                   1/1024           48/49152    ( 0.1%) 
brushes                  8/8192           96/98304    ( 0.1%) 
brushsides              49/65536         392/524288   ( 0.1%) 
planes                  50/65536        1000/1310720  ( 0.1%) 
vertexes                59/65536         708/786432   ( 0.1%) 
nodes                   33/65536        1056/2097152  ( 0.1%) 
texinfos                 3/12288         216/884736   ( 0.0%) 
texdata                  1/2048           32/65536    ( 0.0%) 
dispinfos                0/0               0/0        ( 0.0%) 
disp_verts               0/0               0/0        ( 0.0%) 
disp_tris                0/0               0/0        ( 0.0%) 
disp_lmsamples           0/0               0/0        ( 0.0%) 
faces                   23/65536        1288/3670016  ( 0.0%) 
hdr faces                0/65536           0/3670016  ( 0.0%) 
origfaces                9/65536         504/3670016  ( 0.0%) 
leaves                  35/65536        1120/2097152  ( 0.1%) 
leaffaces               24/65536          48/131072   ( 0.0%) 
leafbrushes             21/65536          42/131072   ( 0.0%) 
areas                    2/256            16/2048     ( 0.8%) 
surfedges              134/512000        536/2048000  ( 0.0%) 
edges                   85/256000        340/1024000  ( 0.0%) 
LDR worldlights          0/8192            0/720896   ( 0.0%) 
HDR worldlights          0/8192            0/720896   ( 0.0%) 
leafwaterdata            0/32768           0/393216   ( 0.0%) 
waterstrips              0/32768           0/327680   ( 0.0%) 
waterverts               0/65536           0/786432   ( 0.0%) 
waterindices             0/65536           0/131072   ( 0.0%) 
cubemapsamples           0/1024            0/16384    ( 0.0%) 
overlays                 0/512             0/180224   ( 0.0%) 
LDR lightdata         [variable]       56408/0        ( 0.0%) 
HDR lightdata         [variable]           0/0        ( 0.0%) 
visdata               [variable]          64/16777216 ( 0.0%) 
entdata               [variable]        2114/393216   ( 0.5%) 
LDR ambient table       35/65536         140/262144   ( 0.1%) 
HDR ambient table       35/65536         140/262144   ( 0.1%) 
LDR leaf ambient         6/65536         168/1835008  ( 0.0%) 
HDR leaf ambient        35/65536         980/1835008  ( 0.1%) 
occluders                0/0               0/0        ( 0.0%) 
occluder polygons        0/0               0/0        ( 0.0%) 
occluder vert ind        0/0               0/0        ( 0.0%) 
detail props          [variable]           1/12       ( 8.3%) 
static props          [variable]           1/12       ( 8.3%) 
pakfile               [variable]         385/0        ( 0.0%) 
physics               [variable]        2905/4194304  ( 0.1%) 
physics terrain       [variable]           2/1048576  ( 0.0%) 

Level flags = 0

Total triangle count: 52
Writing c:\users\jason\documents\github\leveldesignfinalproject\mvm_snake.bsp
0 seconds elapsed



materialPath: D:\Steam\steamapps\common\Team Fortress 2\tf\materials
Loading C:\Users\Jason\Documents\GitHub\LevelDesignFInalProject\mvm_snake.vmf
Patching WVT material: maps/mvm_snake/dev/dev_blendmeasure2_wvt_patch
fixing up env_cubemap materials on brush sides...
0...1...2...3...4...5...6...7...8...9...10**** leaked ****
Entity trigger_hurt (1952.00 -2496.00 -1312.00) leaked!

FindPortalSide: Couldn't find a good match for which brush to assign to a portal near (2048.0 512.0 -480.0)
Leaf 0 contents: CONTENTS_SOLID 
Leaf 1 contents: 
viscontents (node 0 contents ^ node 1 contents): CONTENTS_SOLID 
This means that none of the brushes in leaf 0 or 1 that touches the portal has CONTENTS_SOLID 
Check for a huge brush enclosing the coordinates above that has contents CONTENTS_SOLID 
Candidate brush IDs: 


FindPortalSide: Couldn't find a good match for which brush to assign to a portal near (3072.0 512.0 -480.0)
Leaf 0 contents: 
Leaf 1 contents: CONTENTS_SOLID 
viscontents (node 0 contents ^ node 1 contents): CONTENTS_SOLID 
This means that none of the brushes in leaf 0 or 1 that touches the portal has CONTENTS_SOLID 
Check for a huge brush enclosing the coordinates above that has contents CONTENTS_SOLID 
Candidate brush IDs: 


FindPortalSide: Couldn't find a good match for which brush to assign to a portal near (2560.0 1024.0 -480.0)
Leaf 0 contents: 
Leaf 1 contents: CONTENTS_SOLID 
viscontents (node 0 contents ^ node 1 contents): CONTENTS_SOLID 
This means that none of the brushes in leaf 0 or 1 that touches the portal has CONTENTS_SOLID 
Check for a huge brush enclosing the coordinates above that has contents CONTENTS_SOLID 
Candidate brush IDs: 


FindPortalSide: Couldn't find a good match for which brush to assign to a portal near (2048.0 -704.0 -480.0)
Leaf 0 contents: CONTENTS_SOLID 
Leaf 1 contents: 
viscontents (node 0 contents ^ node 1 contents): CONTENTS_SOLID 
This means that none of the brushes in leaf 0 or 1 that touches the portal has CONTENTS_SOLID 
Check for a huge brush enclosing the coordinates above that has contents CONTENTS_SOLID 
Candidate brush IDs: 


FindPortalSide: Couldn't find a good match for which brush to assign to a portal near (2048.0 -192.0 -480.0)
Leaf 0 contents: CONTENTS_SOLID 
Leaf 1 contents: 
viscontents (node 0 contents ^ node 1 contents): CONTENTS_SOLID 
This means that none of the brushes in leaf 0 or 1 that touches the portal has CONTENTS_SOLID 
Check for a huge brush enclosing the coordinates above that has contents CONTENTS_SOLID 
Candidate brush IDs: 


FindPortalSide: Couldn't find a good match for which brush to assign to a portal near (3072.0 -512.0 -480.0)
Leaf 0 contents: 
Leaf 1 contents: CONTENTS_SOLID 
viscontents (node 0 contents ^ node 1 contents): CONTENTS_SOLID 
This means that none of the brushes in leaf 0 or 1 that touches the portal has CONTENTS_SOLID 
Check for a huge brush enclosing the coordinates above that has contents CONTENTS_SOLID 
Candidate brush IDs: 


FindPortalSide: Couldn't find a good match for which brush to assign to a portal near (2256.0 -2048.0 -1592.0)
Leaf 0 contents: CONTENTS_SOLID 
Leaf 1 contents: 
viscontents (node 0 contents ^ node 1 contents): CONTENTS_SOLID 
This means that none of the brushes in leaf 0 or 1 that touches the portal has CONTENTS_SOLID 
Check for a huge brush enclosing the coordinates above that has contents CONTENTS_SOLID 
Candidate brush IDs: 


FindPortalSide: Couldn't find a good match for which brush to assign to a portal near (2768.0 -2048.0 -1592.0)
Leaf 0 contents: CONTENTS_SOLID 
Leaf 1 contents: 
viscontents (node 0 contents ^ node 1 contents): CONTENTS_SOLID 
This means that none of the brushes in leaf 0 or 1 that touches the portal has CONTENTS_SOLID 
Check for a huge brush enclosing the coordinates above that has contents CONTENTS_SOLID 
Candidate brush IDs: 

*** Suppressing further FindPortalSide errors.... ***
Processing areas...done (0)
Building Faces...done (0)
FixTjuncs...
PruneNodes...
WriteBSP...
done (0)
*** Error: Skybox vtf files for skybox/sky_tf2_04 weren't compiled with the same size texture and/or same flags!
Can't load skybox file skybox/sky_tf2_04 to build the default cubemap!
*** Error: Skybox vtf files for skybox/sky_tf2_04 weren't compiled with the same size texture and/or same flags!
Can't load skybox file skybox/sky_tf2_04 to build the default cubemap!
Finding displacement neighbors...
Finding lightmap sample positions...
Displacement Alpha : 0...1...2...3...4...5...6...7...8...9...10
Building Physics collision data...
done (0) (21605 bytes)
Placing detail props : 0...1...2...3...4...5...6...7...8...9...10
Compacting texture/material tables...
Reduced 27 texinfos to 21
Reduced 8 texdatas to 7 (232 bytes to 210)
Writing C:\Users\Jason\Documents\GitHub\LevelDesignFInalProject\mvm_snake.bsp
Wrote ZIP buffer, estimated size 465, actual size 385
1 second elapsed



8 threads
reading c:\users\jason\documents\github\leveldesignfinalproject\mvm_snake.bsp
reading c:\users\jason\documents\github\leveldesignfinalproject\mvm_snake.prt
LoadPortals: couldn't read c:\users\jason\documents\github\leveldesignfinalproject\mvm_snake.prt



[Reading texlights from 'lights.rad']
[56 texlights parsed from 'lights.rad']

Loading c:\users\jason\documents\github\leveldesignfinalproject\mvm_snake.bsp
No vis information, direct lighting only.
890 faces
464692 square feet [66915760.00 square inches]
0 Displacements
0 Square Feet [0.00 Square Inches]
0 direct lights
0...1...2...3...4...5...6...7...8...9...10Build Patch/Sample Hash Table(s).....Done<0.0162 sec>
0...1...2...3...4...5...6...7...8...9...10FinalLightFace Done
0 of 0 (0% of) surface lights went in leaf ambient cubes.
0...1...2...3...4...5...6...7...8...9...10Writing leaf ambient...done
Ready to Finish

Object names       Objects/Maxobjs  Memory / Maxmem  Fullness 
------------       ---------------  ---------------  -------- 
models                   2/1024           96/49152    ( 0.2%) 
brushes                 59/8192          708/98304    ( 0.7%) 
brushsides             369/65536        2952/524288   ( 0.6%) 
planes                 260/65536        5200/1310720  ( 0.4%) 
vertexes              1162/65536       13944/786432   ( 1.8%) 
nodes                  473/65536       15136/2097152  ( 0.7%) 
texinfos                21/12288        1512/884736   ( 0.2%) 
texdata                  7/2048          224/65536    ( 0.3%) 
dispinfos                0/0               0/0        ( 0.0%) 
disp_verts               0/0               0/0        ( 0.0%) 
disp_tris                0/0               0/0        ( 0.0%) 
disp_lmsamples           0/0               0/0        ( 0.0%) 
faces                  890/65536       49840/3670016  ( 1.4%) 
hdr faces                0/65536           0/3670016  ( 0.0%) 
origfaces              253/65536       14168/3670016  ( 0.4%) 
leaves                 476/65536       15232/2097152  ( 0.7%) 
leaffaces              937/65536        1874/131072   ( 1.4%) 
leafbrushes            177/65536         354/131072   ( 0.3%) 
areas                    2/256            16/2048     ( 0.8%) 
surfedges             5100/512000      20400/2048000  ( 1.0%) 
edges                 2678/256000      10712/1024000  ( 1.0%) 
LDR worldlights          0/8192            0/720896   ( 0.0%) 
HDR worldlights          0/8192            0/720896   ( 0.0%) 
leafwaterdata            0/32768           0/393216   ( 0.0%) 
waterstrips             76/32768         760/327680   ( 0.2%) 
waterverts               0/65536           0/786432   ( 0.0%) 
waterindices           981/65536        1962/131072   ( 1.5%) 
cubemapsamples           0/1024            0/16384    ( 0.0%) 
overlays                 0/512             0/180224   ( 0.0%) 
LDR lightdata         [variable]     1855332/0        ( 0.0%) 
HDR lightdata         [variable]           0/0        ( 0.0%) 
visdata               [variable]           0/16777216 ( 0.0%) 
entdata               [variable]        2304/393216   ( 0.6%) 
LDR ambient table      476/65536        1904/262144   ( 0.7%) 
HDR ambient table      476/65536        1904/262144   ( 0.7%) 
LDR leaf ambient       307/65536        8596/1835008  ( 0.5%) 
HDR leaf ambient       476/65536       13328/1835008  ( 0.7%) 
occluders                0/0               0/0        ( 0.0%) 
occluder polygons        0/0               0/0        ( 0.0%) 
occluder vert ind        0/0               0/0        ( 0.0%) 
detail props          [variable]           1/12       ( 8.3%) 
static props          [variable]           1/12       ( 8.3%) 
pakfile               [variable]         385/0        ( 0.0%) 
physics               [variable]       21605/4194304  ( 0.5%) 
physics terrain       [variable]           2/1048576  ( 0.0%) 

Level flags = 0

Total triangle count: 2318
Writing c:\users\jason\documents\github\leveldesignfinalproject\mvm_snake.bsp
1 second elapsed



materialPath: D:\Steam\steamapps\common\Team Fortress 2\tf\materials
Loading C:\Users\Jason\Documents\GitHub\LevelDesignFInalProject\mvm_snake.vmf
Patching WVT material: maps/mvm_snake/dev/dev_blendmeasure2_wvt_patch
fixing up env_cubemap materials on brush sides...
0...1...2...3...4...5...6...7...8...9...10**** leaked ****
Entity trigger_hurt (1952.00 -2496.00 -1312.00) leaked!

FindPortalSide: Couldn't find a good match for which brush to assign to a portal near (2048.0 512.0 -480.0)
Leaf 0 contents: CONTENTS_SOLID 
Leaf 1 contents: 
viscontents (node 0 contents ^ node 1 contents): CONTENTS_SOLID 
This means that none of the brushes in leaf 0 or 1 that touches the portal has CONTENTS_SOLID 
Check for a huge brush enclosing the coordinates above that has contents CONTENTS_SOLID 
Candidate brush IDs: 


FindPortalSide: Couldn't find a good match for which brush to assign to a portal near (3072.0 512.0 -480.0)
Leaf 0 contents: 
Leaf 1 contents: CONTENTS_SOLID 
viscontents (node 0 contents ^ node 1 contents): CONTENTS_SOLID 
This means that none of the brushes in leaf 0 or 1 that touches the portal has CONTENTS_SOLID 
Check for a huge brush enclosing the coordinates above that has contents CONTENTS_SOLID 
Candidate brush IDs: 


FindPortalSide: Couldn't find a good match for which brush to assign to a portal near (2560.0 1024.0 -480.0)
Leaf 0 contents: 
Leaf 1 contents: CONTENTS_SOLID 
viscontents (node 0 contents ^ node 1 contents): CONTENTS_SOLID 
This means that none of the brushes in leaf 0 or 1 that touches the portal has CONTENTS_SOLID 
Check for a huge brush enclosing the coordinates above that has contents CONTENTS_SOLID 
Candidate brush IDs: 


FindPortalSide: Couldn't find a good match for which brush to assign to a portal near (2048.0 -704.0 -480.0)
Leaf 0 contents: CONTENTS_SOLID 
Leaf 1 contents: 
viscontents (node 0 contents ^ node 1 contents): CONTENTS_SOLID 
This means that none of the brushes in leaf 0 or 1 that touches the portal has CONTENTS_SOLID 
Check for a huge brush enclosing the coordinates above that has contents CONTENTS_SOLID 
Candidate brush IDs: 


FindPortalSide: Couldn't find a good match for which brush to assign to a portal near (2048.0 -192.0 -480.0)
Leaf 0 contents: CONTENTS_SOLID 
Leaf 1 contents: 
viscontents (node 0 contents ^ node 1 contents): CONTENTS_SOLID 
This means that none of the brushes in leaf 0 or 1 that touches the portal has CONTENTS_SOLID 
Check for a huge brush enclosing the coordinates above that has contents CONTENTS_SOLID 
Candidate brush IDs: 


FindPortalSide: Couldn't find a good match for which brush to assign to a portal near (3072.0 -512.0 -480.0)
Leaf 0 contents: 
Leaf 1 contents: CONTENTS_SOLID 
viscontents (node 0 contents ^ node 1 contents): CONTENTS_SOLID 
This means that none of the brushes in leaf 0 or 1 that touches the portal has CONTENTS_SOLID 
Check for a huge brush enclosing the coordinates above that has contents CONTENTS_SOLID 
Candidate brush IDs: 


FindPortalSide: Couldn't find a good match for which brush to assign to a portal near (2256.0 -2048.0 -1592.0)
Leaf 0 contents: CONTENTS_SOLID 
Leaf 1 contents: 
viscontents (node 0 contents ^ node 1 contents): CONTENTS_SOLID 
This means that none of the brushes in leaf 0 or 1 that touches the portal has CONTENTS_SOLID 
Check for a huge brush enclosing the coordinates above that has contents CONTENTS_SOLID 
Candidate brush IDs: 


FindPortalSide: Couldn't find a good match for which brush to assign to a portal near (2768.0 -2048.0 -1592.0)
Leaf 0 contents: CONTENTS_SOLID 
Leaf 1 contents: 
viscontents (node 0 contents ^ node 1 contents): CONTENTS_SOLID 
This means that none of the brushes in leaf 0 or 1 that touches the portal has CONTENTS_SOLID 
Check for a huge brush enclosing the coordinates above that has contents CONTENTS_SOLID 
Candidate brush IDs: 

*** Suppressing further FindPortalSide errors.... ***
Processing areas...done (0)
Building Faces...done (0)
FixTjuncs...
PruneNodes...
WriteBSP...
done (0)
*** Error: Skybox vtf files for skybox/sky_tf2_04 weren't compiled with the same size texture and/or same flags!
Can't load skybox file skybox/sky_tf2_04 to build the default cubemap!
*** Error: Skybox vtf files for skybox/sky_tf2_04 weren't compiled with the same size texture and/or same flags!
Can't load skybox file skybox/sky_tf2_04 to build the default cubemap!
Finding displacement neighbors...
Finding lightmap sample positions...
Displacement Alpha : 0...1...2...3...4...5...6...7...8...9...10
Building Physics collision data...
done (0) (21605 bytes)
Placing detail props : 0...1...2...3...4...5...6...7...8...9...10
Compacting texture/material tables...
Reduced 27 texinfos to 21
Reduced 8 texdatas to 7 (232 bytes to 210)
Writing C:\Users\Jason\Documents\GitHub\LevelDesignFInalProject\mvm_snake.bsp
Wrote ZIP buffer, estimated size 465, actual size 385
1 second elapsed



8 threads
reading c:\users\jason\documents\github\leveldesignfinalproject\mvm_snake.bsp
reading c:\users\jason\documents\github\leveldesignfinalproject\mvm_snake.prt
LoadPortals: couldn't read c:\users\jason\documents\github\leveldesignfinalproject\mvm_snake.prt



[Reading texlights from 'lights.rad']
[56 texlights parsed from 'lights.rad']

Loading c:\users\jason\documents\github\leveldesignfinalproject\mvm_snake.bsp
No vis information, direct lighting only.
890 faces
464692 square feet [66915760.00 square inches]
0 Displacements
0 Square Feet [0.00 Square Inches]
0 direct lights
0...1...2...3...4...5...6...7...8...9...10Build Patch/Sample Hash Table(s).....Done<0.0091 sec>
0...1...2...3...4...5...6...7...8...9...10FinalLightFace Done
0 of 0 (0% of) surface lights went in leaf ambient cubes.
0...1...2...3...4...5...6...7...8...9...10Writing leaf ambient...done
Ready to Finish

Object names       Objects/Maxobjs  Memory / Maxmem  Fullness 
------------       ---------------  ---------------  -------- 
models                   2/1024           96/49152    ( 0.2%) 
brushes                 59/8192          708/98304    ( 0.7%) 
brushsides             369/65536        2952/524288   ( 0.6%) 
planes                 260/65536        5200/1310720  ( 0.4%) 
vertexes              1162/65536       13944/786432   ( 1.8%) 
nodes                  473/65536       15136/2097152  ( 0.7%) 
texinfos                21/12288        1512/884736   ( 0.2%) 
texdata                  7/2048          224/65536    ( 0.3%) 
dispinfos                0/0               0/0        ( 0.0%) 
disp_verts               0/0               0/0        ( 0.0%) 
disp_tris                0/0               0/0        ( 0.0%) 
disp_lmsamples           0/0               0/0        ( 0.0%) 
faces                  890/65536       49840/3670016  ( 1.4%) 
hdr faces                0/65536           0/3670016  ( 0.0%) 
origfaces              253/65536       14168/3670016  ( 0.4%) 
leaves                 476/65536       15232/2097152  ( 0.7%) 
leaffaces              937/65536        1874/131072   ( 1.4%) 
leafbrushes            177/65536         354/131072   ( 0.3%) 
areas                    2/256            16/2048     ( 0.8%) 
surfedges             5100/512000      20400/2048000  ( 1.0%) 
edges                 2678/256000      10712/1024000  ( 1.0%) 
LDR worldlights          0/8192            0/720896   ( 0.0%) 
HDR worldlights          0/8192            0/720896   ( 0.0%) 
leafwaterdata            0/32768           0/393216   ( 0.0%) 
waterstrips             76/32768         760/327680   ( 0.2%) 
waterverts               0/65536           0/786432   ( 0.0%) 
waterindices           981/65536        1962/131072   ( 1.5%) 
cubemapsamples           0/1024            0/16384    ( 0.0%) 
overlays                 0/512             0/180224   ( 0.0%) 
LDR lightdata         [variable]     1855332/0        ( 0.0%) 
HDR lightdata         [variable]           0/0        ( 0.0%) 
visdata               [variable]           0/16777216 ( 0.0%) 
entdata               [variable]        2304/393216   ( 0.6%) 
LDR ambient table      476/65536        1904/262144   ( 0.7%) 
HDR ambient table      476/65536        1904/262144   ( 0.7%) 
LDR leaf ambient       307/65536        8596/1835008  ( 0.5%) 
HDR leaf ambient       476/65536       13328/1835008  ( 0.7%) 
occluders                0/0               0/0        ( 0.0%) 
occluder polygons        0/0               0/0        ( 0.0%) 
occluder vert ind        0/0               0/0        ( 0.0%) 
detail props          [variable]           1/12       ( 8.3%) 
static props          [variable]           1/12       ( 8.3%) 
pakfile               [variable]         385/0        ( 0.0%) 
physics               [variable]       21605/4194304  ( 0.5%) 
physics terrain       [variable]           2/1048576  ( 0.0%) 

Level flags = 0

Total triangle count: 2318
Writing c:\users\jason\documents\github\leveldesignfinalproject\mvm_snake.bsp
1 second elapsed



materialPath: D:\Steam\steamapps\common\Team Fortress 2\tf\materials
Loading C:\Users\Jason\Documents\GitHub\LevelDesignFInalProject\mvm_snake.vmf
ConVarRef mat_reduceparticles doesn't point to an existing ConVar
Can't find surfaceprop cloth for material FREAK_FORTRESS_2/DARK_VADER/PYRO_HANDS_RED, using default
Patching WVT material: maps/mvm_snake/dev/dev_blendmeasure2_wvt_patch
fixing up env_cubemap materials on brush sides...
0...1...2...3...4...5...6...7...8...9...100...1...2...3...4...5...6...7...8...9...10Processing areas...done (0)
Building Faces...done (0)
Chop Details...done (0)
Find Visible Detail Sides...done (0)
Merging details...done (0)
FixTjuncs...
PruneNodes...
WriteBSP...
done (0)
writing C:\Users\Jason\Documents\GitHub\LevelDesignFInalProject\mvm_snake.prt...Building visibility clusters...
done (0)
*** Error: Skybox vtf files for skybox/sky_tf2_04 weren't compiled with the same size texture and/or same flags!
Can't load skybox file skybox/sky_tf2_04 to build the default cubemap!
*** Error: Skybox vtf files for skybox/sky_tf2_04 weren't compiled with the same size texture and/or same flags!
Can't load skybox file skybox/sky_tf2_04 to build the default cubemap!
Finding displacement neighbors...
Finding lightmap sample positions...
Displacement Alpha : 0...1...2...3...4...5...6...7...8...9...10
Building Physics collision data...
done (0) (65929 bytes)
Placing detail props : 0...1...2...3...4...5...6...7...8...9...10
Compacting texture/material tables...
Reduced 39 texinfos to 32
Reduced 12 texdatas to 11 (343 bytes to 321)
Writing C:\Users\Jason\Documents\GitHub\LevelDesignFInalProject\mvm_snake.bsp
Wrote ZIP buffer, estimated size 465, actual size 385
1 second elapsed



8 threads
reading c:\users\jason\documents\github\leveldesignfinalproject\mvm_snake.bsp
reading c:\users\jason\documents\github\leveldesignfinalproject\mvm_snake.prt
 586 portalclusters
1751 numportals
0...1...2...3...4...5...6...7...8...9...100...1...2...3...4...5...6...7...8...9...10Optimized: 773 visible clusters (0.43%)
Total clusters visible: 177963
Average clusters visible: 303
Building PAS...
Average clusters audible: 584
visdatasize:90726  compressed from 93760
writing c:\users\jason\documents\github\leveldesignfinalproject\mvm_snake.bsp
42 seconds elapsed



[Reading texlights from 'lights.rad']
[56 texlights parsed from 'lights.rad']

Loading c:\users\jason\documents\github\leveldesignfinalproject\mvm_snake.bsp
2201 faces
2412408 square feet [347386848.00 square inches]
0 Displacements
0 Square Feet [0.00 Square Inches]
2201 patches before subdivision
102945 patches after subdivision
0 direct lights
0...1...2...3...4...5...6...7...8...9...100...1...2...3...4...5...6...7...8...9...10transfers 6938508, max 659
transfer lists:  52.9 megs
0...1...2...3...4...5...6...7...8...9...10	Bounce #1 added RGB(0, 0, 0)
Build Patch/Sample Hash Table(s).....Done<0.0218 sec>
0...1...2...3...4...5...6...7...8...9...10FinalLightFace Done
0 of 0 (0% of) surface lights went in leaf ambient cubes.
0...1...2...3...4...5...6...7...8...9...10Writing leaf ambient...done
Ready to Finish

Object names       Objects/Maxobjs  Memory / Maxmem  Fullness 
------------       ---------------  ---------------  -------- 
models                   3/1024          144/49152    ( 0.3%) 
brushes                177/8192         2124/98304    ( 2.2%) 
brushsides            1109/65536        8872/524288   ( 1.7%) 
planes                 628/65536       12560/1310720  ( 1.0%) 
vertexes              2852/65536       34224/786432   ( 4.4%) 
nodes                 1228/65536       39296/2097152  ( 1.9%) 
texinfos                32/12288        2304/884736   ( 0.3%) 
texdata                 11/2048          352/65536    ( 0.5%) 
dispinfos                0/0               0/0        ( 0.0%) 
disp_verts               0/0               0/0        ( 0.0%) 
disp_tris                0/0               0/0        ( 0.0%) 
disp_lmsamples           0/0               0/0        ( 0.0%) 
faces                 2201/65536      123256/3670016  ( 3.4%) 
hdr faces                0/65536           0/3670016  ( 0.0%) 
origfaces              633/65536       35448/3670016  ( 1.0%) 
leaves                1232/65536       39424/2097152  ( 1.9%) 
leaffaces             2461/65536        4922/131072   ( 3.8%) 
leafbrushes            692/65536        1384/131072   ( 1.1%) 
areas                    2/256            16/2048     ( 0.8%) 
surfedges            12647/512000      50588/2048000  ( 2.5%) 
edges                 6720/256000      26880/1024000  ( 2.6%) 
LDR worldlights          0/8192            0/720896   ( 0.0%) 
HDR worldlights          0/8192            0/720896   ( 0.0%) 
leafwaterdata            0/32768           0/393216   ( 0.0%) 
waterstrips            184/32768        1840/327680   ( 0.6%) 
waterverts               0/65536           0/786432   ( 0.0%) 
waterindices          2553/65536        5106/131072   ( 3.9%) 
cubemapsamples           0/1024            0/16384    ( 0.0%) 
overlays                 0/512             0/180224   ( 0.0%) 
LDR lightdata         [variable]     3444788/0        ( 0.0%) 
HDR lightdata         [variable]           0/0        ( 0.0%) 
visdata               [variable]       90726/16777216 ( 0.5%) 
entdata               [variable]        2966/393216   ( 0.8%) 
LDR ambient table     1232/65536        4928/262144   ( 1.9%) 
HDR ambient table     1232/65536        4928/262144   ( 1.9%) 
LDR leaf ambient       598/65536       16744/1835008  ( 0.9%) 
HDR leaf ambient      1232/65536       34496/1835008  ( 1.9%) 
occluders                0/0               0/0        ( 0.0%) 
occluder polygons        0/0               0/0        ( 0.0%) 
occluder vert ind        0/0               0/0        ( 0.0%) 
detail props          [variable]           1/12       ( 8.3%) 
static props          [variable]           1/12       ( 8.3%) 
pakfile               [variable]         385/0        ( 0.0%) 
physics               [variable]       65929/4194304  ( 1.6%) 
physics terrain       [variable]           2/1048576  ( 0.0%) 

Level flags = 0

Total triangle count: 5738
Writing c:\users\jason\documents\github\leveldesignfinalproject\mvm_snake.bsp
6 seconds elapsed
